Determining if the pthread_create exist failed with the following output:
Change Dir: /home/turtlebot/mybot_ws/build/catkin_tools_prebuild/CMakeFiles/CMakeTmp

Run Build Command:/usr/bin/make "cmTryCompileExec567026864/fast"
/usr/bin/make -f CMakeFiles/cmTryCompileExec567026864.dir/build.make CMakeFiles/cmTryCompileExec567026864.dir/build
make[1]: Entering directory `/home/turtlebot/mybot_ws/build/catkin_tools_prebuild/CMakeFiles/CMakeTmp'
/usr/bin/cmake -E cmake_progress_report /home/turtlebot/mybot_ws/build/catkin_tools_prebuild/CMakeFiles/CMakeTmp/CMakeFiles 1
Building C object CMakeFiles/cmTryCompileExec567026864.dir/CheckSymbolExists.c.o
/usr/bin/cc    -o CMakeFiles/cmTryCompileExec567026864.dir/CheckSymbolExists.c.o   -c /home/turtlebot/mybot_ws/build/catkin_tools_prebuild/CMakeFiles/CMakeTmp/CheckSymbolExists.c
Linking C executable cmTryCompileExec567026864
/usr/bin/cmake -E cmake_link_script CMakeFiles/cmTryCompileExec567026864.dir/link.txt --verbose=1
/usr/bin/cc       CMakeFiles/cmTryCompileExec567026864.dir/CheckSymbolExists.c.o  -o cmTryCompileExec567026864 -rdynamic 
CMakeFiles/cmTryCompileExec567026864.dir/CheckSymbolExists.c.o: In function `main':
CheckSymbolExists.c:(.text+0x16): undefined reference to `pthread_create'
collect2: error: ld returned 1 exit status
make[1]: *** [cmTryCompileExec567026864] Error 1
make[1]: Leaving directory `/home/turtlebot/mybot_ws/build/catkin_tools_prebuild/CMakeFiles/CMakeTmp'
make: *** [cmTryCompileExec567026864/fast] Error 2

File /home/turtlebot/mybot_ws/build/catkin_tools_prebuild/CMakeFiles/CMakeTmp/CheckSymbolExists.c:
/* */
#include <pthread.h>

int main(int argc, char** argv)
{
  (void)argv;
#ifndef pthread_create
  return ((int*)(&pthread_create))[argc];
#else
  (void)argc;
  return 0;
#endif
}

Determining if the function pthread_create exists in the pthreads failed with the following output:
Change Dir: /home/turtlebot/mybot_ws/build/catkin_tools_prebuild/CMakeFiles/CMakeTmp

Run Build Command:/usr/bin/make "cmTryCompileExec3932940112/fast"
/usr/bin/make -f CMakeFiles/cmTryCompileExec3932940112.dir/build.make CMakeFiles/cmTryCompileExec3932940112.dir/build
make[1]: Entering directory `/home/turtlebot/mybot_ws/build/catkin_tools_prebuild/CMakeFiles/CMakeTmp'
/usr/bin/cmake -E cmake_progress_report /home/turtlebot/mybot_ws/build/catkin_tools_prebuild/CMakeFiles/CMakeTmp/CMakeFiles 1
Building C object CMakeFiles/cmTryCompileExec3932940112.dir/CheckFunctionExists.c.o
/usr/bin/cc   -DCHECK_FUNCTION_EXISTS=pthread_create   -o CMakeFiles/cmTryCompileExec3932940112.dir/CheckFunctionExists.c.o   -c /usr/share/cmake-2.8/Modules/CheckFunctionExists.c
Linking C executable cmTryCompileExec3932940112
/usr/bin/cmake -E cmake_link_script CMakeFiles/cmTryCompileExec3932940112.dir/link.txt --verbose=1
/usr/bin/cc   -DCHECK_FUNCTION_EXISTS=pthread_create    CMakeFiles/cmTryCompileExec3932940112.dir/CheckFunctionExists.c.o  -o cmTryCompileExec3932940112 -rdynamic -lpthreads 
/usr/bin/ld: cannot find -lpthreads
collect2: error: ld returned 1 exit status
make[1]: *** [cmTryCompileExec3932940112] Error 1
make[1]: Leaving directory `/home/turtlebot/mybot_ws/build/catkin_tools_prebuild/CMakeFiles/CMakeTmp'
make: *** [cmTryCompileExec3932940112/fast] Error 2


