Determining if the pthread_create exist failed with the following output:
Change Dir: /home/turtlebot/mybot_ws/build/hector_map_server/CMakeFiles/CMakeTmp

Run Build Command:/usr/bin/make "cmTryCompileExec2624130893/fast"
/usr/bin/make -f CMakeFiles/cmTryCompileExec2624130893.dir/build.make CMakeFiles/cmTryCompileExec2624130893.dir/build
make[1]: Entering directory `/home/turtlebot/mybot_ws/build/hector_map_server/CMakeFiles/CMakeTmp'
/usr/bin/cmake -E cmake_progress_report /home/turtlebot/mybot_ws/build/hector_map_server/CMakeFiles/CMakeTmp/CMakeFiles 1
Building C object CMakeFiles/cmTryCompileExec2624130893.dir/CheckSymbolExists.c.o
/usr/bin/cc    -o CMakeFiles/cmTryCompileExec2624130893.dir/CheckSymbolExists.c.o   -c /home/turtlebot/mybot_ws/build/hector_map_server/CMakeFiles/CMakeTmp/CheckSymbolExists.c
Linking C executable cmTryCompileExec2624130893
/usr/bin/cmake -E cmake_link_script CMakeFiles/cmTryCompileExec2624130893.dir/link.txt --verbose=1
/usr/bin/cc       CMakeFiles/cmTryCompileExec2624130893.dir/CheckSymbolExists.c.o  -o cmTryCompileExec2624130893 -rdynamic 
CMakeFiles/cmTryCompileExec2624130893.dir/CheckSymbolExists.c.o: In function `main':
CheckSymbolExists.c:(.text+0x16): undefined reference to `pthread_create'
collect2: error: ld returned 1 exit status
make[1]: *** [cmTryCompileExec2624130893] Error 1
make[1]: Leaving directory `/home/turtlebot/mybot_ws/build/hector_map_server/CMakeFiles/CMakeTmp'
make: *** [cmTryCompileExec2624130893/fast] Error 2

File /home/turtlebot/mybot_ws/build/hector_map_server/CMakeFiles/CMakeTmp/CheckSymbolExists.c:
/* */
#include <pthread.h>

int main(int argc, char** argv)
{
  (void)argv;
#ifndef pthread_create
  return ((int*)(&pthread_create))[argc];
#else
  (void)argc;
  return 0;
#endif
}

Determining if the function pthread_create exists in the pthreads failed with the following output:
Change Dir: /home/turtlebot/mybot_ws/build/hector_map_server/CMakeFiles/CMakeTmp

Run Build Command:/usr/bin/make "cmTryCompileExec2190347740/fast"
/usr/bin/make -f CMakeFiles/cmTryCompileExec2190347740.dir/build.make CMakeFiles/cmTryCompileExec2190347740.dir/build
make[1]: Entering directory `/home/turtlebot/mybot_ws/build/hector_map_server/CMakeFiles/CMakeTmp'
/usr/bin/cmake -E cmake_progress_report /home/turtlebot/mybot_ws/build/hector_map_server/CMakeFiles/CMakeTmp/CMakeFiles 1
Building C object CMakeFiles/cmTryCompileExec2190347740.dir/CheckFunctionExists.c.o
/usr/bin/cc   -DCHECK_FUNCTION_EXISTS=pthread_create   -o CMakeFiles/cmTryCompileExec2190347740.dir/CheckFunctionExists.c.o   -c /usr/share/cmake-2.8/Modules/CheckFunctionExists.c
Linking C executable cmTryCompileExec2190347740
/usr/bin/cmake -E cmake_link_script CMakeFiles/cmTryCompileExec2190347740.dir/link.txt --verbose=1
/usr/bin/cc   -DCHECK_FUNCTION_EXISTS=pthread_create    CMakeFiles/cmTryCompileExec2190347740.dir/CheckFunctionExists.c.o  -o cmTryCompileExec2190347740 -rdynamic -lpthreads 
/usr/bin/ld: cannot find -lpthreads
collect2: error: ld returned 1 exit status
make[1]: *** [cmTryCompileExec2190347740] Error 1
make[1]: Leaving directory `/home/turtlebot/mybot_ws/build/hector_map_server/CMakeFiles/CMakeTmp'
make: *** [cmTryCompileExec2190347740/fast] Error 2


