Determining if the pthread_create exist failed with the following output:
Change Dir: /home/turtlebot/mybot_ws/build/hector_imu_tools/CMakeFiles/CMakeTmp

Run Build Command:/usr/bin/make "cmTryCompileExec3115210697/fast"
/usr/bin/make -f CMakeFiles/cmTryCompileExec3115210697.dir/build.make CMakeFiles/cmTryCompileExec3115210697.dir/build
make[1]: Entering directory `/home/turtlebot/mybot_ws/build/hector_imu_tools/CMakeFiles/CMakeTmp'
/usr/bin/cmake -E cmake_progress_report /home/turtlebot/mybot_ws/build/hector_imu_tools/CMakeFiles/CMakeTmp/CMakeFiles 1
Building C object CMakeFiles/cmTryCompileExec3115210697.dir/CheckSymbolExists.c.o
/usr/bin/cc    -o CMakeFiles/cmTryCompileExec3115210697.dir/CheckSymbolExists.c.o   -c /home/turtlebot/mybot_ws/build/hector_imu_tools/CMakeFiles/CMakeTmp/CheckSymbolExists.c
Linking C executable cmTryCompileExec3115210697
/usr/bin/cmake -E cmake_link_script CMakeFiles/cmTryCompileExec3115210697.dir/link.txt --verbose=1
/usr/bin/cc       CMakeFiles/cmTryCompileExec3115210697.dir/CheckSymbolExists.c.o  -o cmTryCompileExec3115210697 -rdynamic 
CMakeFiles/cmTryCompileExec3115210697.dir/CheckSymbolExists.c.o: In function `main':
CheckSymbolExists.c:(.text+0x16): undefined reference to `pthread_create'
make[1]: Leaving directory `/home/turtlebot/mybot_ws/build/hector_imu_tools/CMakeFiles/CMakeTmp'
collect2: error: ld returned 1 exit status
make[1]: *** [cmTryCompileExec3115210697] Error 1
make: *** [cmTryCompileExec3115210697/fast] Error 2

File /home/turtlebot/mybot_ws/build/hector_imu_tools/CMakeFiles/CMakeTmp/CheckSymbolExists.c:
/* */
#include <pthread.h>

int main(int argc, char** argv)
{
  (void)argv;
#ifndef pthread_create
  return ((int*)(&pthread_create))[argc];
#else
  (void)argc;
  return 0;
#endif
}

Determining if the function pthread_create exists in the pthreads failed with the following output:
Change Dir: /home/turtlebot/mybot_ws/build/hector_imu_tools/CMakeFiles/CMakeTmp

Run Build Command:/usr/bin/make "cmTryCompileExec1328794792/fast"
/usr/bin/make -f CMakeFiles/cmTryCompileExec1328794792.dir/build.make CMakeFiles/cmTryCompileExec1328794792.dir/build
make[1]: Entering directory `/home/turtlebot/mybot_ws/build/hector_imu_tools/CMakeFiles/CMakeTmp'
/usr/bin/cmake -E cmake_progress_report /home/turtlebot/mybot_ws/build/hector_imu_tools/CMakeFiles/CMakeTmp/CMakeFiles 1
Building C object CMakeFiles/cmTryCompileExec1328794792.dir/CheckFunctionExists.c.o
/usr/bin/cc   -DCHECK_FUNCTION_EXISTS=pthread_create   -o CMakeFiles/cmTryCompileExec1328794792.dir/CheckFunctionExists.c.o   -c /usr/share/cmake-2.8/Modules/CheckFunctionExists.c
Linking C executable cmTryCompileExec1328794792
/usr/bin/cmake -E cmake_link_script CMakeFiles/cmTryCompileExec1328794792.dir/link.txt --verbose=1
/usr/bin/cc   -DCHECK_FUNCTION_EXISTS=pthread_create    CMakeFiles/cmTryCompileExec1328794792.dir/CheckFunctionExists.c.o  -o cmTryCompileExec1328794792 -rdynamic -lpthreads 
/usr/bin/ld: cannot find -lpthreads
collect2: error: ld returned 1 exit status
make[1]: Leaving directory `/home/turtlebot/mybot_ws/build/hector_imu_tools/CMakeFiles/CMakeTmp'
make[1]: *** [cmTryCompileExec1328794792] Error 1
make: *** [cmTryCompileExec1328794792/fast] Error 2


