Determining if the pthread_create exist failed with the following output:
Change Dir: /home/turtlebot/mybot_ws/build/hector_geotiff/CMakeFiles/CMakeTmp

Run Build Command:/usr/bin/make "cmTryCompileExec3840468723/fast"
/usr/bin/make -f CMakeFiles/cmTryCompileExec3840468723.dir/build.make CMakeFiles/cmTryCompileExec3840468723.dir/build
make[1]: Entering directory `/home/turtlebot/mybot_ws/build/hector_geotiff/CMakeFiles/CMakeTmp'
/usr/bin/cmake -E cmake_progress_report /home/turtlebot/mybot_ws/build/hector_geotiff/CMakeFiles/CMakeTmp/CMakeFiles 1
Building C object CMakeFiles/cmTryCompileExec3840468723.dir/CheckSymbolExists.c.o
/usr/bin/cc    -o CMakeFiles/cmTryCompileExec3840468723.dir/CheckSymbolExists.c.o   -c /home/turtlebot/mybot_ws/build/hector_geotiff/CMakeFiles/CMakeTmp/CheckSymbolExists.c
Linking C executable cmTryCompileExec3840468723
/usr/bin/cmake -E cmake_link_script CMakeFiles/cmTryCompileExec3840468723.dir/link.txt --verbose=1
/usr/bin/cc       CMakeFiles/cmTryCompileExec3840468723.dir/CheckSymbolExists.c.o  -o cmTryCompileExec3840468723 -rdynamic 
CMakeFiles/cmTryCompileExec3840468723.dir/CheckSymbolExists.c.o: In function `main':
CheckSymbolExists.c:(.text+0x16): undefined reference to `pthread_create'
collect2: error: ld returned 1 exit status
make[1]: Leaving directory `/home/turtlebot/mybot_ws/build/hector_geotiff/CMakeFiles/CMakeTmp'
make[1]: *** [cmTryCompileExec3840468723] Error 1
make: *** [cmTryCompileExec3840468723/fast] Error 2

File /home/turtlebot/mybot_ws/build/hector_geotiff/CMakeFiles/CMakeTmp/CheckSymbolExists.c:
/* */
#include <pthread.h>

int main(int argc, char** argv)
{
  (void)argv;
#ifndef pthread_create
  return ((int*)(&pthread_create))[argc];
#else
  (void)argc;
  return 0;
#endif
}

Determining if the function pthread_create exists in the pthreads failed with the following output:
Change Dir: /home/turtlebot/mybot_ws/build/hector_geotiff/CMakeFiles/CMakeTmp

Run Build Command:/usr/bin/make "cmTryCompileExec2478744152/fast"
/usr/bin/make -f CMakeFiles/cmTryCompileExec2478744152.dir/build.make CMakeFiles/cmTryCompileExec2478744152.dir/build
make[1]: Entering directory `/home/turtlebot/mybot_ws/build/hector_geotiff/CMakeFiles/CMakeTmp'
/usr/bin/cmake -E cmake_progress_report /home/turtlebot/mybot_ws/build/hector_geotiff/CMakeFiles/CMakeTmp/CMakeFiles 1
Building C object CMakeFiles/cmTryCompileExec2478744152.dir/CheckFunctionExists.c.o
/usr/bin/cc   -DCHECK_FUNCTION_EXISTS=pthread_create   -o CMakeFiles/cmTryCompileExec2478744152.dir/CheckFunctionExists.c.o   -c /usr/share/cmake-2.8/Modules/CheckFunctionExists.c
Linking C executable cmTryCompileExec2478744152
/usr/bin/cmake -E cmake_link_script CMakeFiles/cmTryCompileExec2478744152.dir/link.txt --verbose=1
/usr/bin/cc   -DCHECK_FUNCTION_EXISTS=pthread_create    CMakeFiles/cmTryCompileExec2478744152.dir/CheckFunctionExists.c.o  -o cmTryCompileExec2478744152 -rdynamic -lpthreads 
/usr/bin/ld: cannot find -lpthreads
collect2: error: ld returned 1 exit status
make[1]: *** [cmTryCompileExec2478744152] Error 1
make[1]: Leaving directory `/home/turtlebot/mybot_ws/build/hector_geotiff/CMakeFiles/CMakeTmp'
make: *** [cmTryCompileExec2478744152/fast] Error 2


Determining if the Q_WS_WIN exist failed with the following output:
Change Dir: /home/turtlebot/mybot_ws/build/hector_geotiff/CMakeFiles/CMakeTmp

Run Build Command:/usr/bin/make "cmTryCompileExec1097008193/fast"
/usr/bin/make -f CMakeFiles/cmTryCompileExec1097008193.dir/build.make CMakeFiles/cmTryCompileExec1097008193.dir/build
make[1]: Entering directory `/home/turtlebot/mybot_ws/build/hector_geotiff/CMakeFiles/CMakeTmp'
/usr/bin/cmake -E cmake_progress_report /home/turtlebot/mybot_ws/build/hector_geotiff/CMakeFiles/CMakeTmp/CMakeFiles 1
Building CXX object CMakeFiles/cmTryCompileExec1097008193.dir/CheckSymbolExists.cxx.o
/usr/bin/c++    -I/usr/include/qt4    -o CMakeFiles/cmTryCompileExec1097008193.dir/CheckSymbolExists.cxx.o -c /home/turtlebot/mybot_ws/build/hector_geotiff/CMakeFiles/CMakeTmp/CheckSymbolExists.cxx
/home/turtlebot/mybot_ws/build/hector_geotiff/CMakeFiles/CMakeTmp/CheckSymbolExists.cxx: In function ‘int main(int, char**)’:
/home/turtlebot/mybot_ws/build/hector_geotiff/CMakeFiles/CMakeTmp/CheckSymbolExists.cxx:8:19: error: ‘Q_WS_WIN’ was not declared in this scope
   return ((int*)(&Q_WS_WIN))[argc];
                   ^
make[1]: Leaving directory `/home/turtlebot/mybot_ws/build/hector_geotiff/CMakeFiles/CMakeTmp'
make[1]: *** [CMakeFiles/cmTryCompileExec1097008193.dir/CheckSymbolExists.cxx.o] Error 1
make: *** [cmTryCompileExec1097008193/fast] Error 2

File /home/turtlebot/mybot_ws/build/hector_geotiff/CMakeFiles/CMakeTmp/CheckSymbolExists.cxx:
/* */
#include <QtCore/qglobal.h>

int main(int argc, char** argv)
{
  (void)argv;
#ifndef Q_WS_WIN
  return ((int*)(&Q_WS_WIN))[argc];
#else
  (void)argc;
  return 0;
#endif
}

Determining if the Q_WS_QWS exist failed with the following output:
Change Dir: /home/turtlebot/mybot_ws/build/hector_geotiff/CMakeFiles/CMakeTmp

Run Build Command:/usr/bin/make "cmTryCompileExec1015181042/fast"
/usr/bin/make -f CMakeFiles/cmTryCompileExec1015181042.dir/build.make CMakeFiles/cmTryCompileExec1015181042.dir/build
make[1]: Entering directory `/home/turtlebot/mybot_ws/build/hector_geotiff/CMakeFiles/CMakeTmp'
/usr/bin/cmake -E cmake_progress_report /home/turtlebot/mybot_ws/build/hector_geotiff/CMakeFiles/CMakeTmp/CMakeFiles 1
Building CXX object CMakeFiles/cmTryCompileExec1015181042.dir/CheckSymbolExists.cxx.o
/usr/bin/c++    -I/usr/include/qt4    -o CMakeFiles/cmTryCompileExec1015181042.dir/CheckSymbolExists.cxx.o -c /home/turtlebot/mybot_ws/build/hector_geotiff/CMakeFiles/CMakeTmp/CheckSymbolExists.cxx
/home/turtlebot/mybot_ws/build/hector_geotiff/CMakeFiles/CMakeTmp/CheckSymbolExists.cxx: In function ‘int main(int, char**)’:
/home/turtlebot/mybot_ws/build/hector_geotiff/CMakeFiles/CMakeTmp/CheckSymbolExists.cxx:8:19: error: ‘Q_WS_QWS’ was not declared in this scope
   return ((int*)(&Q_WS_QWS))[argc];
                   ^
make[1]: Leaving directory `/home/turtlebot/mybot_ws/build/hector_geotiff/CMakeFiles/CMakeTmp'
make[1]: *** [CMakeFiles/cmTryCompileExec1015181042.dir/CheckSymbolExists.cxx.o] Error 1
make: *** [cmTryCompileExec1015181042/fast] Error 2

File /home/turtlebot/mybot_ws/build/hector_geotiff/CMakeFiles/CMakeTmp/CheckSymbolExists.cxx:
/* */
#include <QtCore/qglobal.h>

int main(int argc, char** argv)
{
  (void)argv;
#ifndef Q_WS_QWS
  return ((int*)(&Q_WS_QWS))[argc];
#else
  (void)argc;
  return 0;
#endif
}

Determining if the Q_WS_MAC exist failed with the following output:
Change Dir: /home/turtlebot/mybot_ws/build/hector_geotiff/CMakeFiles/CMakeTmp

Run Build Command:/usr/bin/make "cmTryCompileExec591846674/fast"
/usr/bin/make -f CMakeFiles/cmTryCompileExec591846674.dir/build.make CMakeFiles/cmTryCompileExec591846674.dir/build
make[1]: Entering directory `/home/turtlebot/mybot_ws/build/hector_geotiff/CMakeFiles/CMakeTmp'
/usr/bin/cmake -E cmake_progress_report /home/turtlebot/mybot_ws/build/hector_geotiff/CMakeFiles/CMakeTmp/CMakeFiles 1
Building CXX object CMakeFiles/cmTryCompileExec591846674.dir/CheckSymbolExists.cxx.o
/usr/bin/c++    -I/usr/include/qt4    -o CMakeFiles/cmTryCompileExec591846674.dir/CheckSymbolExists.cxx.o -c /home/turtlebot/mybot_ws/build/hector_geotiff/CMakeFiles/CMakeTmp/CheckSymbolExists.cxx
/home/turtlebot/mybot_ws/build/hector_geotiff/CMakeFiles/CMakeTmp/CheckSymbolExists.cxx: In function ‘int main(int, char**)’:
/home/turtlebot/mybot_ws/build/hector_geotiff/CMakeFiles/CMakeTmp/CheckSymbolExists.cxx:8:19: error: ‘Q_WS_MAC’ was not declared in this scope
   return ((int*)(&Q_WS_MAC))[argc];
                   ^
make[1]: *** [CMakeFiles/cmTryCompileExec591846674.dir/CheckSymbolExists.cxx.o] Error 1
make[1]: Leaving directory `/home/turtlebot/mybot_ws/build/hector_geotiff/CMakeFiles/CMakeTmp'
make: *** [cmTryCompileExec591846674/fast] Error 2

File /home/turtlebot/mybot_ws/build/hector_geotiff/CMakeFiles/CMakeTmp/CheckSymbolExists.cxx:
/* */
#include <QtCore/qglobal.h>

int main(int argc, char** argv)
{
  (void)argv;
#ifndef Q_WS_MAC
  return ((int*)(&Q_WS_MAC))[argc];
#else
  (void)argc;
  return 0;
#endif
}

