Determining if the pthread_create exist failed with the following output:
Change Dir: /home/turtlebot/mybot_ws/build/mybot_gazebo/CMakeFiles/CMakeTmp

Run Build Command:/usr/bin/make "cmTryCompileExec276283779/fast"
/usr/bin/make -f CMakeFiles/cmTryCompileExec276283779.dir/build.make CMakeFiles/cmTryCompileExec276283779.dir/build
make[1]: Entering directory `/home/turtlebot/mybot_ws/build/mybot_gazebo/CMakeFiles/CMakeTmp'
/usr/bin/cmake -E cmake_progress_report /home/turtlebot/mybot_ws/build/mybot_gazebo/CMakeFiles/CMakeTmp/CMakeFiles 1
Building C object CMakeFiles/cmTryCompileExec276283779.dir/CheckSymbolExists.c.o
/usr/bin/cc    -o CMakeFiles/cmTryCompileExec276283779.dir/CheckSymbolExists.c.o   -c /home/turtlebot/mybot_ws/build/mybot_gazebo/CMakeFiles/CMakeTmp/CheckSymbolExists.c
Linking C executable cmTryCompileExec276283779
/usr/bin/cmake -E cmake_link_script CMakeFiles/cmTryCompileExec276283779.dir/link.txt --verbose=1
/usr/bin/cc       CMakeFiles/cmTryCompileExec276283779.dir/CheckSymbolExists.c.o  -o cmTryCompileExec276283779 -rdynamic 
CMakeFiles/cmTryCompileExec276283779.dir/CheckSymbolExists.c.o: In function `main':
CheckSymbolExists.c:(.text+0x16): undefined reference to `pthread_create'
collect2: error: ld returned 1 exit status
make[1]: Leaving directory `/home/turtlebot/mybot_ws/build/mybot_gazebo/CMakeFiles/CMakeTmp'
make[1]: *** [cmTryCompileExec276283779] Error 1
make: *** [cmTryCompileExec276283779/fast] Error 2

File /home/turtlebot/mybot_ws/build/mybot_gazebo/CMakeFiles/CMakeTmp/CheckSymbolExists.c:
/* */
#include <pthread.h>

int main(int argc, char** argv)
{
  (void)argv;
#ifndef pthread_create
  return ((int*)(&pthread_create))[argc];
#else
  (void)argc;
  return 0;
#endif
}

Determining if the function pthread_create exists in the pthreads failed with the following output:
Change Dir: /home/turtlebot/mybot_ws/build/mybot_gazebo/CMakeFiles/CMakeTmp

Run Build Command:/usr/bin/make "cmTryCompileExec2092828483/fast"
/usr/bin/make -f CMakeFiles/cmTryCompileExec2092828483.dir/build.make CMakeFiles/cmTryCompileExec2092828483.dir/build
make[1]: Entering directory `/home/turtlebot/mybot_ws/build/mybot_gazebo/CMakeFiles/CMakeTmp'
/usr/bin/cmake -E cmake_progress_report /home/turtlebot/mybot_ws/build/mybot_gazebo/CMakeFiles/CMakeTmp/CMakeFiles 1
Building C object CMakeFiles/cmTryCompileExec2092828483.dir/CheckFunctionExists.c.o
/usr/bin/cc   -DCHECK_FUNCTION_EXISTS=pthread_create   -o CMakeFiles/cmTryCompileExec2092828483.dir/CheckFunctionExists.c.o   -c /usr/share/cmake-2.8/Modules/CheckFunctionExists.c
Linking C executable cmTryCompileExec2092828483
/usr/bin/cmake -E cmake_link_script CMakeFiles/cmTryCompileExec2092828483.dir/link.txt --verbose=1
/usr/bin/cc   -DCHECK_FUNCTION_EXISTS=pthread_create    CMakeFiles/cmTryCompileExec2092828483.dir/CheckFunctionExists.c.o  -o cmTryCompileExec2092828483 -rdynamic -lpthreads 
/usr/bin/ld: cannot find -lpthreads
collect2: error: ld returned 1 exit status
make[1]: Leaving directory `/home/turtlebot/mybot_ws/build/mybot_gazebo/CMakeFiles/CMakeTmp'
make[1]: *** [cmTryCompileExec2092828483] Error 1
make: *** [cmTryCompileExec2092828483/fast] Error 2


