Determining if the pthread_create exist failed with the following output:
Change Dir: /home/turtlebot/mybot_ws/build/hector_compressed_map_transport/CMakeFiles/CMakeTmp

Run Build Command:/usr/bin/make "cmTryCompileExec3971056422/fast"
/usr/bin/make -f CMakeFiles/cmTryCompileExec3971056422.dir/build.make CMakeFiles/cmTryCompileExec3971056422.dir/build
make[1]: Entering directory `/home/turtlebot/mybot_ws/build/hector_compressed_map_transport/CMakeFiles/CMakeTmp'
/usr/bin/cmake -E cmake_progress_report /home/turtlebot/mybot_ws/build/hector_compressed_map_transport/CMakeFiles/CMakeTmp/CMakeFiles 1
Building C object CMakeFiles/cmTryCompileExec3971056422.dir/CheckSymbolExists.c.o
/usr/bin/cc    -o CMakeFiles/cmTryCompileExec3971056422.dir/CheckSymbolExists.c.o   -c /home/turtlebot/mybot_ws/build/hector_compressed_map_transport/CMakeFiles/CMakeTmp/CheckSymbolExists.c
Linking C executable cmTryCompileExec3971056422
/usr/bin/cmake -E cmake_link_script CMakeFiles/cmTryCompileExec3971056422.dir/link.txt --verbose=1
/usr/bin/cc       CMakeFiles/cmTryCompileExec3971056422.dir/CheckSymbolExists.c.o  -o cmTryCompileExec3971056422 -rdynamic 
CMakeFiles/cmTryCompileExec3971056422.dir/CheckSymbolExists.c.o: In function `main':
CheckSymbolExists.c:(.text+0x16): undefined reference to `pthread_create'
collect2: error: ld returned 1 exit status
make[1]: *** [cmTryCompileExec3971056422] Error 1
make[1]: Leaving directory `/home/turtlebot/mybot_ws/build/hector_compressed_map_transport/CMakeFiles/CMakeTmp'
make: *** [cmTryCompileExec3971056422/fast] Error 2

File /home/turtlebot/mybot_ws/build/hector_compressed_map_transport/CMakeFiles/CMakeTmp/CheckSymbolExists.c:
/* */
#include <pthread.h>

int main(int argc, char** argv)
{
  (void)argv;
#ifndef pthread_create
  return ((int*)(&pthread_create))[argc];
#else
  (void)argc;
  return 0;
#endif
}

Determining if the function pthread_create exists in the pthreads failed with the following output:
Change Dir: /home/turtlebot/mybot_ws/build/hector_compressed_map_transport/CMakeFiles/CMakeTmp

Run Build Command:/usr/bin/make "cmTryCompileExec3852585206/fast"
/usr/bin/make -f CMakeFiles/cmTryCompileExec3852585206.dir/build.make CMakeFiles/cmTryCompileExec3852585206.dir/build
make[1]: Entering directory `/home/turtlebot/mybot_ws/build/hector_compressed_map_transport/CMakeFiles/CMakeTmp'
/usr/bin/cmake -E cmake_progress_report /home/turtlebot/mybot_ws/build/hector_compressed_map_transport/CMakeFiles/CMakeTmp/CMakeFiles 1
Building C object CMakeFiles/cmTryCompileExec3852585206.dir/CheckFunctionExists.c.o
/usr/bin/cc   -DCHECK_FUNCTION_EXISTS=pthread_create   -o CMakeFiles/cmTryCompileExec3852585206.dir/CheckFunctionExists.c.o   -c /usr/share/cmake-2.8/Modules/CheckFunctionExists.c
Linking C executable cmTryCompileExec3852585206
/usr/bin/cmake -E cmake_link_script CMakeFiles/cmTryCompileExec3852585206.dir/link.txt --verbose=1
/usr/bin/cc   -DCHECK_FUNCTION_EXISTS=pthread_create    CMakeFiles/cmTryCompileExec3852585206.dir/CheckFunctionExists.c.o  -o cmTryCompileExec3852585206 -rdynamic -lpthreads 
/usr/bin/ld: cannot find -lpthreads
collect2: error: ld returned 1 exit status
make[1]: Leaving directory `/home/turtlebot/mybot_ws/build/hector_compressed_map_transport/CMakeFiles/CMakeTmp'
make[1]: *** [cmTryCompileExec3852585206] Error 1
make: *** [cmTryCompileExec3852585206/fast] Error 2


