Determining if the pthread_create exist failed with the following output:
Change Dir: /home/turtlebot/mybot_ws/build/hector_nav_msgs/CMakeFiles/CMakeTmp

Run Build Command:/usr/bin/make "cmTryCompileExec1870734159/fast"
/usr/bin/make -f CMakeFiles/cmTryCompileExec1870734159.dir/build.make CMakeFiles/cmTryCompileExec1870734159.dir/build
make[1]: Entering directory `/home/turtlebot/mybot_ws/build/hector_nav_msgs/CMakeFiles/CMakeTmp'
/usr/bin/cmake -E cmake_progress_report /home/turtlebot/mybot_ws/build/hector_nav_msgs/CMakeFiles/CMakeTmp/CMakeFiles 1
Building C object CMakeFiles/cmTryCompileExec1870734159.dir/CheckSymbolExists.c.o
/usr/bin/cc    -o CMakeFiles/cmTryCompileExec1870734159.dir/CheckSymbolExists.c.o   -c /home/turtlebot/mybot_ws/build/hector_nav_msgs/CMakeFiles/CMakeTmp/CheckSymbolExists.c
Linking C executable cmTryCompileExec1870734159
/usr/bin/cmake -E cmake_link_script CMakeFiles/cmTryCompileExec1870734159.dir/link.txt --verbose=1
/usr/bin/cc       CMakeFiles/cmTryCompileExec1870734159.dir/CheckSymbolExists.c.o  -o cmTryCompileExec1870734159 -rdynamic 
CMakeFiles/cmTryCompileExec1870734159.dir/CheckSymbolExists.c.o: In function `main':
CheckSymbolExists.c:(.text+0x16): undefined reference to `pthread_create'
collect2: error: ld returned 1 exit status
make[1]: *** [cmTryCompileExec1870734159] Error 1
make[1]: Leaving directory `/home/turtlebot/mybot_ws/build/hector_nav_msgs/CMakeFiles/CMakeTmp'
make: *** [cmTryCompileExec1870734159/fast] Error 2

File /home/turtlebot/mybot_ws/build/hector_nav_msgs/CMakeFiles/CMakeTmp/CheckSymbolExists.c:
/* */
#include <pthread.h>

int main(int argc, char** argv)
{
  (void)argv;
#ifndef pthread_create
  return ((int*)(&pthread_create))[argc];
#else
  (void)argc;
  return 0;
#endif
}

Determining if the function pthread_create exists in the pthreads failed with the following output:
Change Dir: /home/turtlebot/mybot_ws/build/hector_nav_msgs/CMakeFiles/CMakeTmp

Run Build Command:/usr/bin/make "cmTryCompileExec85692331/fast"
/usr/bin/make -f CMakeFiles/cmTryCompileExec85692331.dir/build.make CMakeFiles/cmTryCompileExec85692331.dir/build
make[1]: Entering directory `/home/turtlebot/mybot_ws/build/hector_nav_msgs/CMakeFiles/CMakeTmp'
/usr/bin/cmake -E cmake_progress_report /home/turtlebot/mybot_ws/build/hector_nav_msgs/CMakeFiles/CMakeTmp/CMakeFiles 1
Building C object CMakeFiles/cmTryCompileExec85692331.dir/CheckFunctionExists.c.o
/usr/bin/cc   -DCHECK_FUNCTION_EXISTS=pthread_create   -o CMakeFiles/cmTryCompileExec85692331.dir/CheckFunctionExists.c.o   -c /usr/share/cmake-2.8/Modules/CheckFunctionExists.c
Linking C executable cmTryCompileExec85692331
/usr/bin/cmake -E cmake_link_script CMakeFiles/cmTryCompileExec85692331.dir/link.txt --verbose=1
/usr/bin/cc   -DCHECK_FUNCTION_EXISTS=pthread_create    CMakeFiles/cmTryCompileExec85692331.dir/CheckFunctionExists.c.o  -o cmTryCompileExec85692331 -rdynamic -lpthreads 
/usr/bin/ld: cannot find -lpthreads
collect2: error: ld returned 1 exit status
make[1]: *** [cmTryCompileExec85692331] Error 1
make[1]: Leaving directory `/home/turtlebot/mybot_ws/build/hector_nav_msgs/CMakeFiles/CMakeTmp'
make: *** [cmTryCompileExec85692331/fast] Error 2


